生成启动时间为 2017-06-30 23:34:52。
     1>项目“F:\vsxeceit\C++代码_\cplusplus\100题系列\100题系列\100题系列.vcxproj”在节点 2 上(Build 个目标)。
     1>ClCompile:
         D:\VS15\VC\bin\CL.exe /c /ZI /nologo /W3 /WX- /sdl /Od /Oy- /D _UNICODE /D UNICODE /Gm /EHsc /RTC1 /MDd /GS /fp:precise /Zc:wchar_t /Zc:forScope /Zc:inline /Fo"Debug\\" /Fd"Debug\vc140.pdb" /Gd /TP /analyze- /errorReport:prompt test.cpp
         test.cpp
     1>f:\vsxeceit\c++代码_\cplusplus\100题系列\100题系列\test.cpp(2): warning C4067: 预处理器指令后有意外标记 - 应输入换行符
     1>f:\vsxeceit\c++代码_\cplusplus\100题系列\100题系列\二叉树.hpp(178): warning C4018: “<”: 有符号/无符号不匹配
         f:\vsxeceit\c++代码_\cplusplus\100题系列\100题系列\二叉树.hpp(177): note: 编译类 模板 成员函数“void BinaryTree<int>::createTree(const T *,TreeNode<T> *&,size_t,const T &,int &)”时
                 with
                 [
                     T=int
                 ]
         f:\vsxeceit\c++代码_\cplusplus\100题系列\100题系列\二叉树.hpp(31): note: 参见对正在编译的函数 模板 实例化“void BinaryTree<int>::createTree(const T *,TreeNode<T> *&,size_t,const T &,int &)”的引用
                 with
                 [
                     T=int
                 ]
         f:\vsxeceit\c++代码_\cplusplus\100题系列\100题系列\test.cpp(16): note: 参见对正在编译的类 模板 实例化“BinaryTree<int>”的引用
       Link:
         D:\VS15\VC\bin\link.exe /ERRORREPORT:PROMPT /OUT:"F:\vsxeceit\C++代码_\cplusplus\100题系列\Debug\100题系列.exe" /INCREMENTAL /NOLOGO kernel32.lib user32.lib gdi32.lib winspool.lib comdlg32.lib advapi32.lib shell32.lib ole32.lib oleaut32.lib uuid.lib odbc32.lib odbccp32.lib /MANIFEST /MANIFESTUAC:"level='asInvoker' uiAccess='false'" /manifest:embed /Debug /PDB:"F:\vsxeceit\C++代码_\cplusplus\100题系列\Debug\100题系列.pdb" /TLBID:1 /DYNAMICBASE /NXCOMPAT /IMPLIB:"F:\vsxeceit\C++代码_\cplusplus\100题系列\Debug\100题系列.lib" /MACHINE:X86 Debug\test.obj
         100题系列.vcxproj -> F:\vsxeceit\C++代码_\cplusplus\100题系列\Debug\100题系列.exe
     1>已完成生成项目“F:\vsxeceit\C++代码_\cplusplus\100题系列\100题系列\100题系列.vcxproj”(Build 个目标)的操作。

已成功生成。

已用时间 00:00:01.20
